<?xml version="1.0" encoding="UTF-8"?>
<!-- Generated by org.testng.reporters.JUnitReportReporter -->
<testsuite hostname="DESKTOP-76T2GE2" failures="0" tests="1" name="Vtest.Demo.Login" time="4.309" errors="0" timestamp="2022-06-22T12:22:58 IST" skipped="0">
  <testcase classname="Vtest.Demo.Login" name="launch" time="4.309"/>
  <system-out/>
</testsuite> <!-- Vtest.Demo.Login -->
